<?xml version="1.0" encoding="UTF-8"?>
<!-- Generated by org.testng.reporters.JUnitXMLReporter -->
<testsuite hostname="shreeeeee-PC" ignored="0" name="Default test" tests="4" failures="0" timestamp="15 Sep 2018 10:38:44 GMT" time="98.972" errors="0">
  <testcase name="handleLink" time="3.308" classname="amazon.Amazon"/>
  <testcase name="login" time="12.919" classname="amazon.Amazon"/>
  <testcase name="processItem" time="35.773" classname="amazon.Amazon"/>
  <testcase name="logout" time="22.091" classname="amazon.Amazon"/>
</testsuite> <!-- Default test -->
