<?xml version="1.0" encoding="UTF-8"?>
<testng-results skipped="0" failed="0" ignored="0" total="4" passed="4">
  <reporter-output>
  </reporter-output>
  <suite name="Default suite" duration-ms="98972" started-at="2018-09-15T10:37:05Z" finished-at="2018-09-15T10:38:44Z">
    <groups>
    </groups>
    <test name="Default test" duration-ms="98972" started-at="2018-09-15T10:37:05Z" finished-at="2018-09-15T10:38:44Z">
      <class name="amazon.Amazon">
        <test-method status="PASS" signature="openBrowser()[pri:0, instance:amazon.Amazon@1aeed2f]" name="openBrowser" is-config="true" duration-ms="24755" started-at="2018-09-15T16:07:05Z" finished-at="2018-09-15T16:07:30Z">
          <reporter-output>
          </reporter-output>
        </test-method> <!-- openBrowser -->
        <test-method status="PASS" signature="handleLink()[pri:0, instance:amazon.Amazon@1aeed2f]" name="handleLink" duration-ms="3308" started-at="2018-09-15T16:07:30Z" finished-at="2018-09-15T16:07:33Z">
          <reporter-output>
          </reporter-output>
        </test-method> <!-- handleLink -->
        <test-method status="PASS" signature="login()[pri:1, instance:amazon.Amazon@1aeed2f]" name="login" duration-ms="12919" started-at="2018-09-15T16:07:33Z" finished-at="2018-09-15T16:07:46Z">
          <reporter-output>
          </reporter-output>
        </test-method> <!-- login -->
        <test-method status="PASS" signature="processItem()[pri:2, instance:amazon.Amazon@1aeed2f]" name="processItem" duration-ms="35773" started-at="2018-09-15T16:07:46Z" finished-at="2018-09-15T16:08:22Z">
          <reporter-output>
          </reporter-output>
        </test-method> <!-- processItem -->
        <test-method status="PASS" signature="logout()[pri:3, instance:amazon.Amazon@1aeed2f]" name="logout" duration-ms="22091" started-at="2018-09-15T16:08:22Z" finished-at="2018-09-15T16:08:44Z">
          <reporter-output>
          </reporter-output>
        </test-method> <!-- logout -->
      </class> <!-- amazon.Amazon -->
    </test> <!-- Default test -->
  </suite> <!-- Default suite -->
</testng-results>
